<?xml version="1.0" encoding="UTF-8"?>
<!-- Generated by org.testng.reporters.JUnitReportReporter -->
<testsuite skipped="0" hostname="DESKTOP-PI09DLQ" name="Framework.StepDefinations.MultiBrowser" tests="2" failures="0" timestamp="19 Apr 2019 16:31:36 GMT" time="31.699" errors="0">
  <testcase name="test" time="14.312" classname="Framework.StepDefinations.MultiBrowser"/>
  <testcase name="test" time="17.387" classname="Framework.StepDefinations.MultiBrowser"/>
</testsuite> <!-- Framework.StepDefinations.MultiBrowser -->
