<?xml version="1.0" encoding="UTF-8"?>
<!-- Generated by org.testng.reporters.JUnitReportReporter -->
<testsuite skipped="0" hostname="DESKTOP-PI09DLQ" name="Framework.StepDefinations.TestingUsingTestNG" tests="1" failures="0" timestamp="17 Apr 2019 18:42:05 GMT" time="22.071" errors="0">
  <testcase name="flipkart" time="22.071" classname="Framework.StepDefinations.TestingUsingTestNG"/>
</testsuite> <!-- Framework.StepDefinations.TestingUsingTestNG -->
