<?xml version="1.0" encoding="UTF-8"?>
<!-- Generated by org.testng.reporters.JUnitReportReporter -->
<testsuite skipped="0" hostname="DESKTOP-PI09DLQ" name="Framework.StepDefinations.TestNgGrouping" tests="4" failures="0" timestamp="19 Apr 2019 17:40:32 GMT" time="0.024" errors="0">
  <testcase name="test2" time="0.009" classname="Framework.StepDefinations.TestNgGrouping"/>
  <testcase name="test1" time="0.003" classname="Framework.StepDefinations.TestNgGrouping"/>
  <testcase name="test4" time="0.005" classname="Framework.StepDefinations.TestNgGrouping"/>
  <testcase name="test3" time="0.007" classname="Framework.StepDefinations.TestNgGrouping"/>
</testsuite> <!-- Framework.StepDefinations.TestNgGrouping -->
