<?xml version="1.0" encoding="UTF-8"?>
<!-- Generated by org.testng.reporters.JUnitReportReporter -->
<testsuite skipped="0" hostname="DESKTOP-PI09DLQ" name="Framework.StepDefinations.TestNGDependency" tests="4" failures="0" timestamp="19 Apr 2019 17:41:04 GMT" time="0.047" errors="0">
  <testcase name="test1" time="0.006" classname="Framework.StepDefinations.TestNGDependency"/>
  <testcase name="test3" time="0.024" classname="Framework.StepDefinations.TestNGDependency"/>
  <testcase name="test2" time="0.009" classname="Framework.StepDefinations.TestNGDependency"/>
  <testcase name="test4" time="0.008" classname="Framework.StepDefinations.TestNGDependency"/>
</testsuite> <!-- Framework.StepDefinations.TestNGDependency -->
