<?xml version="1.0" encoding="UTF-8"?>
<!-- Generated by org.testng.reporters.JUnitReportReporter -->
<testsuite skipped="0" hostname="DESKTOP-PI09DLQ" name="Framework.StepDefinations.ExtentReportWithTestNG" tests="1" failures="0" timestamp="18 Apr 2019 07:33:38 GMT" time="18.585" errors="0">
  <testcase name="flipkart" time="18.585" classname="Framework.StepDefinations.ExtentReportWithTestNG"/>
</testsuite> <!-- Framework.StepDefinations.ExtentReportWithTestNG -->
